action: py37, msg: envreport
cwd: /home/jbenavides/Documentos/documentos_de_estudio/Diseno_de_software_para_computo_cientifico/PROJECT_SCORPIO/git_SCORPIO/SCORPIO
cmd: /home/jbenavides/Documentos/documentos_de_estudio/Diseno_de_software_para_computo_cientifico/PROJECT_SCORPIO/git_SCORPIO/SCORPIO/.tox/py37/bin/python -m pip freeze
astropy==4.0
astroquery==0.4
attrs==19.3.0
beautifulsoup4==4.8.2
certifi==2019.11.28
cffi==1.14.0
chardet==3.0.4
cryptography==2.8
html5lib==1.0.1
idna==2.9
importlib-metadata==1.5.0
jeepney==0.4.2
keyring==21.1.0
more-itertools==8.2.0
numpy==1.18.1
packaging==20.1
pluggy==0.13.1
py==1.8.1
pycparser==2.19
pyparsing==2.4.6
pytest==5.3.5
requests==2.23.0
scorpio==0.0.1
SecretStorage==3.1.2
six==1.14.0
soupsieve==1.9.5
urllib3==1.25.8
wcwidth==0.1.8
webencodings==0.5.1
zipp==3.0.0
